<?xml version="1.0" encoding="UTF-8"?>
<!-- Generated by org.testng.reporters.JUnitReportReporter -->
<testsuite hostname="Sampath-Laptop" failures="0" tests="1" name="SamSelFrame.tests.ErrorValidations" time="4.271" errors="0" timestamp="2024-08-28T14:55:03 IST" skipped="0">
  <testcase classname="SamSelFrame.tests.ErrorValidations" name="submitOrder" time="4.271"/>
</testsuite> <!-- SamSelFrame.tests.ErrorValidations -->
