<?xml version="1.0" encoding="UTF-8"?>
<!-- Generated by org.testng.reporters.JUnitReportReporter -->
<testsuite hostname="Sampath-Laptop" failures="0" tests="1" name="ExtentReportsPract.ExtentReportDemo" time="8.898" errors="0" timestamp="2024-08-29T17:46:40 IST" skipped="0">
  <testcase classname="ExtentReportsPract.ExtentReportDemo" name="initialDemo" time="8.898"/>
</testsuite> <!-- ExtentReportsPract.ExtentReportDemo -->
