<?xml version="1.0" encoding="UTF-8"?>
<!-- Generated by org.testng.reporters.JUnitReportReporter -->
<testsuite hostname="Sampath-Laptop" failures="0" tests="3" name="SamSelFrame.tests.SubmitOrderTests" time="22.288" errors="0" timestamp="2024-08-29T22:02:45 IST" skipped="0">
  <testcase classname="SamSelFrame.tests.SubmitOrderTests" name="orderHistoryTest" time="2.961"/>
  <testcase classname="SamSelFrame.tests.SubmitOrderTests" name="submitOrder" time="11.127"/>
  <testcase classname="SamSelFrame.tests.SubmitOrderTests" name="submitOrder" time="8.200"/>
</testsuite> <!-- SamSelFrame.tests.SubmitOrderTests -->
