<?xml version="1.0" encoding="UTF-8"?>
<!-- Generated by org.testng.reporters.JUnitReportReporter -->
<testsuite hostname="Sampath-Laptop" failures="0" tests="2" name="SamSelFrame.tests.ErrorValidationsTest" time="20.053" errors="0" timestamp="2024-08-30T17:20:43 GMT+05:30" skipped="0">
  <testcase classname="SamSelFrame.tests.ErrorValidationsTest" name="productErrorValidation" time="8.533"/>
  <testcase classname="SamSelFrame.tests.ErrorValidationsTest" name="loginErrorValidation" time="11.520"/>
</testsuite> <!-- SamSelFrame.tests.ErrorValidationsTest -->
